<?xml version="1.0" encoding="UTF-8"?>
<!-- Generated by org.testng.reporters.JUnitReportReporter -->
<testsuite hostname="DESKTOP-FEI5F1K" failures="0" tests="1" name="com.mycompany.app.my_seleniium_app.AppTest" time="0.008" errors="0" timestamp="2022-08-24T14:34:15 IST" skipped="0">
  <testcase classname="com.mycompany.app.my_seleniium_app.AppTest" name="shouldAnswerWithTrue" time="0.008"/>
  <system-out/>
</testsuite> <!-- com.mycompany.app.my_seleniium_app.AppTest -->
