<?xml version="1.0" encoding="UTF-8"?>
<!-- Generated by org.testng.reporters.JUnitReportReporter -->
<testsuite hostname="DESKTOP-FEI5F1K" failures="0" tests="2" name="com.mycompany.app.my_seleniium_app.NewTest" time="12.179" errors="0" timestamp="2022-08-24T14:34:15 IST" skipped="0">
  <testcase classname="com.mycompany.app.my_seleniium_app.NewTest" name="f" time="0.007"/>
  <system-out/>
  <testcase classname="com.mycompany.app.my_seleniium_app.NewTest" name="launchchrome" time="12.172"/>
  <system-out/>
</testsuite> <!-- com.mycompany.app.my_seleniium_app.NewTest -->
