<?xml version="1.0" encoding="UTF-8"?>
<!-- Generated by org.testng.reporters.JUnitReportReporter -->
<testsuite hostname="DESKTOP-FEI5F1K" failures="0" tests="2" name="com.mycompany.app.my_seleniium_app.NewTest" time="19.462" errors="0" timestamp="2022-08-24T14:25:24 IST" skipped="0">
  <testcase classname="com.mycompany.app.my_seleniium_app.NewTest" name="f" time="0.022"/>
  <system-out/>
  <testcase classname="com.mycompany.app.my_seleniium_app.NewTest" name="launchchrome" time="19.440"/>
  <system-out/>
</testsuite> <!-- com.mycompany.app.my_seleniium_app.NewTest -->
